<?xml version="1.0" encoding="UTF-8"?>
<!-- Generated by org.testng.reporters.JUnitXMLReporter -->
<testsuite ignored="0" hostname="LAPTOP-QBSR5NQJ" failures="1" tests="2" name="Chrometest" time="43.128" errors="0" timestamp="21 Mar 2022 14:48:41 GMT">
  <testcase classname="test.LoginTest" name="verifytest" time="29.933">
    <failure type="java.lang.AssertionError" message="expected [Cogmento CRM] but found []">
      <![CDATA[java.lang.AssertionError: expected [Cogmento CRM] but found []
at test.LoginTest.verifytest(LoginTest.java:30)
at java.base/java.util.concurrent.FutureTask.run(FutureTask.java:264)
at java.base/java.util.concurrent.ThreadPoolExecutor.runWorker(ThreadPoolExecutor.java:1136)
at java.base/java.util.concurrent.ThreadPoolExecutor$Worker.run(ThreadPoolExecutor.java:635)
at java.base/java.lang.Thread.run(Thread.java:833)
... Removed 22 stack frames]]>
    </failure>
  </testcase> <!-- verifytest -->
  <testcase classname="test.LoginTest" name="logintest" time="0.212"/>
</testsuite> <!-- Chrometest -->
